<?xml version="1.0" encoding="UTF-8" ?>
<testsuites>
  <testsuite errors="0" failures="1" hostname="Anshuman" id="0" name="AntTest" package="seleniumtest" skipped="0" tests="1" time="35.537" timestamp="2015-11-20T06:25:26">
      <properties>
[...]
</properties>

      <testcase classname="seleniumtest.AntTest" name="testGoogleSearch" time="34.51">
          <failure message="expected:&lt;How to cook chicken[ - Google Search]&gt; but was:&lt;How to cook chicken[]&gt;" type="junit.framework.AssertionFailedError">junit.framework.AssertionFailedError: expected:&lt;How to cook chicken[ - Google Search]&gt; but was:&lt;How to cook chicken[]&gt;
	at seleniumtest.AntTest.testGoogleSearch(Unknown Source)
</failure>

      </testcase>

      <system-out><![CDATA[]]></system-out>

      <system-err><![CDATA[Starting ChromeDriver 2.20.353145 (343b531d31eeb933ec778dbcf7081628a1396067) on port 16051
Only local connections are allowed.
Nov 20, 2015 11:56:00 AM org.openqa.selenium.os.UnixProcess$SeleniumWatchDog destroyHarder
INFO: Command failed to close cleanly. Destroying forcefully (v2). org.openqa.selenium.os.UnixProcess$SeleniumWatchDog@19a0feb
]]></system-err>

  </testsuite>
</testsuites>
